<?xml version="1.0" encoding="UTF-8"?>
<!-- Generated by org.testng.reporters.JUnitReportReporter -->
<testsuite hostname="DESKTOP-JF9V1DF" failures="0" tests="5" name="Parallel.ParallelRun" time="119.319" errors="0" timestamp="6 Apr 2021 04:52:58 GMT">
  <testcase classname="Parallel.ParallelRun" name="runScenario" time="20.202"/>
  <testcase classname="Parallel.ParallelRun" name="runScenario" time="21.714"/>
  <testcase classname="Parallel.ParallelRun" name="runScenario" time="25.729"/>
  <testcase classname="Parallel.ParallelRun" name="runScenario" time="24.515"/>
  <testcase classname="Parallel.ParallelRun" name="runScenario" time="27.159"/>
</testsuite> <!-- Parallel.ParallelRun -->
