<?xml version="1.0" encoding="UTF-8"?>
<!-- Generated by org.testng.reporters.JUnitReportReporter -->
<testsuite hostname="DESKTOP-JF9V1DF" failures="0" tests="7" name="Parallel.ParallelRun" time="180.787" errors="0" timestamp="18 Apr 2021 13:04:07 GMT">
  <testcase classname="Parallel.ParallelRun" name="runScenario" time="27.650"/>
  <testcase classname="Parallel.ParallelRun" name="runScenario" time="17.902"/>
  <testcase classname="Parallel.ParallelRun" name="runScenario" time="26.489"/>
  <testcase classname="Parallel.ParallelRun" name="runScenario" time="22.908"/>
  <testcase classname="Parallel.ParallelRun" name="runScenario" time="29.162"/>
  <testcase classname="Parallel.ParallelRun" name="runScenario" time="28.831"/>
  <testcase classname="Parallel.ParallelRun" name="runScenario" time="27.845"/>
</testsuite> <!-- Parallel.ParallelRun -->
