<?xml version="1.0" encoding="UTF-8"?>
<!-- Generated by org.testng.reporters.JUnitReportReporter -->
<testsuite hostname="DESKTOP-JF9V1DF" failures="0" tests="7" name="Parallel.ParallelRun" time="185.098" errors="0" timestamp="6 Apr 2021 12:43:41 GMT">
  <testcase classname="Parallel.ParallelRun" name="runScenario" time="26.026"/>
  <testcase classname="Parallel.ParallelRun" name="runScenario" time="28.050"/>
  <testcase classname="Parallel.ParallelRun" name="runScenario" time="26.498"/>
  <testcase classname="Parallel.ParallelRun" name="runScenario" time="29.964"/>
  <testcase classname="Parallel.ParallelRun" name="runScenario" time="22.915"/>
  <testcase classname="Parallel.ParallelRun" name="runScenario" time="28.416"/>
  <testcase classname="Parallel.ParallelRun" name="runScenario" time="23.229"/>
</testsuite> <!-- Parallel.ParallelRun -->
